21:48:40 INFO  : Registering command handlers for SDK TCF services
21:48:41 INFO  : Launching XSCT server: xsct -n -interactive /home/tom/workspace/first_zynq_design/first_zynq_design.sdk/temp_xsdb_launch_script.tcl
21:48:45 INFO  : XSCT server has started successfully.
21:48:45 INFO  : Successfully done setting XSCT server connection channel  
21:48:50 INFO  : Successfully done setting SDK workspace  
21:48:50 INFO  : Processing command line option -hwspec /home/tom/workspace/first_zynq_design/first_zynq_design.sdk/first_zynq_syste_wrapper.hdf.
21:56:15 INFO  : Connected to target on host '127.0.0.1' and port '3121'.
21:56:22 INFO  : Connected to target on host '127.0.0.1' and port '3121'.
21:56:22 INFO  : 'targets -set -filter {jtag_cable_name =~ "Xilinx TUL 1234-tulA" && level==0} -index 1' command is executed.
21:56:24 INFO  : FPGA configured successfully with bitstream "/home/tom/workspace/first_zynq_design/first_zynq_design.sdk/first_zynq_syste_wrapper_hw_platform_0/first_zynq_syste_wrapper.bit"
21:57:09 INFO  : 'targets -set -filter {jtag_cable_name =~ "Xilinx TUL 1234-tulA" && level==0} -index 1' command is executed.
21:57:09 INFO  : 'fpga -state' command is executed.
21:57:09 INFO  : Connected to target on host '127.0.0.1' and port '3121'.
21:57:09 INFO  : Jtag cable 'Xilinx TUL 1234-tulA' is selected.
21:57:09 INFO  : 'jtag frequency' command is executed.
21:57:09 INFO  : Sourcing of '/home/tom/workspace/first_zynq_design/first_zynq_design.sdk/first_zynq_syste_wrapper_hw_platform_0/ps7_init.tcl' is done.
21:57:10 INFO  : Context for 'APU' is selected.
21:57:10 INFO  : Hardware design information is loaded from '/home/tom/workspace/first_zynq_design/first_zynq_design.sdk/first_zynq_syste_wrapper_hw_platform_0/system.hdf'.
21:57:10 INFO  : 'configparams force-mem-access 1' command is executed.
21:57:10 INFO  : Context for 'APU' is selected.
21:57:10 INFO  : 'stop' command is executed.
21:57:10 INFO  : 'ps7_init' command is executed.
21:57:10 INFO  : 'ps7_post_config' command is executed.
21:57:10 INFO  : Context for processor 'ps7_cortexa9_0' is selected.
21:57:10 INFO  : Processor reset is completed for 'ps7_cortexa9_0'.
21:57:10 INFO  : Context for processor 'ps7_cortexa9_0' is selected.
21:57:12 ERROR : Memory write error at 0x100000. APB AP transaction error, DAP status f0000021
21:57:12 INFO  : ----------------XSDB Script----------------
connect -url tcp:127.0.0.1:3121
source /home/tom/workspace/first_zynq_design/first_zynq_design.sdk/first_zynq_syste_wrapper_hw_platform_0/ps7_init.tcl
targets -set -nocase -filter {name =~"APU*" && jtag_cable_name =~ "Xilinx TUL 1234-tulA"} -index 0
loadhw -hw /home/tom/workspace/first_zynq_design/first_zynq_design.sdk/first_zynq_syste_wrapper_hw_platform_0/system.hdf -mem-ranges [list {0x40000000 0xbfffffff}]
configparams force-mem-access 1
targets -set -nocase -filter {name =~"APU*" && jtag_cable_name =~ "Xilinx TUL 1234-tulA"} -index 0
stop
ps7_init
ps7_post_config
targets -set -nocase -filter {name =~ "ARM*#0" && jtag_cable_name =~ "Xilinx TUL 1234-tulA"} -index 0
rst -processor
targets -set -nocase -filter {name =~ "ARM*#0" && jtag_cable_name =~ "Xilinx TUL 1234-tulA"} -index 0
dow /home/tom/workspace/first_zynq_design/first_zynq_design.sdk/LED_test/Debug/LED_test.elf
----------------End of Script----------------

21:57:29 INFO  : 'targets -set -filter {jtag_cable_name =~ "Xilinx TUL 1234-tulA" && level==0} -index 1' command is executed.
21:57:29 INFO  : 'fpga -state' command is executed.
21:57:29 INFO  : Connected to target on host '127.0.0.1' and port '3121'.
21:57:29 INFO  : Jtag cable 'Xilinx TUL 1234-tulA' is selected.
21:57:29 INFO  : 'jtag frequency' command is executed.
21:57:29 INFO  : Sourcing of '/home/tom/workspace/first_zynq_design/first_zynq_design.sdk/first_zynq_syste_wrapper_hw_platform_0/ps7_init.tcl' is done.
21:57:29 INFO  : Context for 'APU' is selected.
21:57:29 INFO  : Hardware design information is loaded from '/home/tom/workspace/first_zynq_design/first_zynq_design.sdk/first_zynq_syste_wrapper_hw_platform_0/system.hdf'.
21:57:29 INFO  : 'configparams force-mem-access 1' command is executed.
21:57:29 INFO  : Context for 'APU' is selected.
21:57:29 INFO  : 'stop' command is executed.
21:57:29 ERROR : AP transaction error, DAP status f0000021
21:57:29 INFO  : ----------------XSDB Script----------------
connect -url tcp:127.0.0.1:3121
source /home/tom/workspace/first_zynq_design/first_zynq_design.sdk/first_zynq_syste_wrapper_hw_platform_0/ps7_init.tcl
targets -set -nocase -filter {name =~"APU*" && jtag_cable_name =~ "Xilinx TUL 1234-tulA"} -index 0
loadhw -hw /home/tom/workspace/first_zynq_design/first_zynq_design.sdk/first_zynq_syste_wrapper_hw_platform_0/system.hdf -mem-ranges [list {0x40000000 0xbfffffff}]
configparams force-mem-access 1
targets -set -nocase -filter {name =~"APU*" && jtag_cable_name =~ "Xilinx TUL 1234-tulA"} -index 0
stop
ps7_init
----------------End of Script----------------

21:58:01 INFO  : 'targets -set -filter {jtag_cable_name =~ "Xilinx TUL 1234-tulA" && level==0} -index 1' command is executed.
21:58:01 INFO  : 'fpga -state' command is executed.
21:58:01 INFO  : Connected to target on host '127.0.0.1' and port '3121'.
21:58:01 INFO  : Jtag cable 'Xilinx TUL 1234-tulA' is selected.
21:58:01 INFO  : 'jtag frequency' command is executed.
21:58:01 INFO  : Sourcing of '/home/tom/workspace/first_zynq_design/first_zynq_design.sdk/first_zynq_syste_wrapper_hw_platform_0/ps7_init.tcl' is done.
21:58:01 INFO  : Context for 'APU' is selected.
21:58:01 INFO  : Hardware design information is loaded from '/home/tom/workspace/first_zynq_design/first_zynq_design.sdk/first_zynq_syste_wrapper_hw_platform_0/system.hdf'.
21:58:01 INFO  : 'configparams force-mem-access 1' command is executed.
21:58:01 INFO  : Context for 'APU' is selected.
21:58:01 INFO  : 'stop' command is executed.
21:58:01 ERROR : AP transaction error, DAP status f0000021
21:58:01 INFO  : ----------------XSDB Script----------------
connect -url tcp:127.0.0.1:3121
source /home/tom/workspace/first_zynq_design/first_zynq_design.sdk/first_zynq_syste_wrapper_hw_platform_0/ps7_init.tcl
targets -set -nocase -filter {name =~"APU*" && jtag_cable_name =~ "Xilinx TUL 1234-tulA"} -index 0
loadhw -hw /home/tom/workspace/first_zynq_design/first_zynq_design.sdk/first_zynq_syste_wrapper_hw_platform_0/system.hdf -mem-ranges [list {0x40000000 0xbfffffff}]
configparams force-mem-access 1
targets -set -nocase -filter {name =~"APU*" && jtag_cable_name =~ "Xilinx TUL 1234-tulA"} -index 0
stop
ps7_init
----------------End of Script----------------

21:58:15 INFO  : 'targets -set -filter {jtag_cable_name =~ "Xilinx TUL 1234-tulA" && level==0} -index 1' command is executed.
21:58:15 INFO  : 'fpga -state' command is executed.
21:58:17 INFO  : Connected to target on host '127.0.0.1' and port '3121'.
21:58:17 INFO  : Jtag cable 'Xilinx TUL 1234-tulA' is selected.
21:58:17 INFO  : 'jtag frequency' command is executed.
21:58:17 INFO  : Sourcing of '/home/tom/workspace/first_zynq_design/first_zynq_design.sdk/first_zynq_syste_wrapper_hw_platform_0/ps7_init.tcl' is done.
21:58:17 INFO  : Context for 'APU' is selected.
21:58:17 INFO  : Hardware design information is loaded from '/home/tom/workspace/first_zynq_design/first_zynq_design.sdk/first_zynq_syste_wrapper_hw_platform_0/system.hdf'.
21:58:17 INFO  : 'configparams force-mem-access 1' command is executed.
21:58:17 INFO  : Context for 'APU' is selected.
21:58:17 INFO  : 'stop' command is executed.
21:58:17 INFO  : 'ps7_init' command is executed.
21:58:17 INFO  : 'ps7_post_config' command is executed.
21:58:17 INFO  : Context for processor 'ps7_cortexa9_0' is selected.
21:58:18 INFO  : Processor reset is completed for 'ps7_cortexa9_0'.
21:58:18 INFO  : Context for processor 'ps7_cortexa9_0' is selected.
21:58:20 ERROR : Memory write error at 0x100000. APB AP transaction error, DAP status f0000021
21:58:20 INFO  : ----------------XSDB Script----------------
connect -url tcp:127.0.0.1:3121
source /home/tom/workspace/first_zynq_design/first_zynq_design.sdk/first_zynq_syste_wrapper_hw_platform_0/ps7_init.tcl
targets -set -nocase -filter {name =~"APU*" && jtag_cable_name =~ "Xilinx TUL 1234-tulA"} -index 0
loadhw -hw /home/tom/workspace/first_zynq_design/first_zynq_design.sdk/first_zynq_syste_wrapper_hw_platform_0/system.hdf -mem-ranges [list {0x40000000 0xbfffffff}]
configparams force-mem-access 1
targets -set -nocase -filter {name =~"APU*" && jtag_cable_name =~ "Xilinx TUL 1234-tulA"} -index 0
stop
ps7_init
ps7_post_config
targets -set -nocase -filter {name =~ "ARM*#0" && jtag_cable_name =~ "Xilinx TUL 1234-tulA"} -index 0
rst -processor
targets -set -nocase -filter {name =~ "ARM*#0" && jtag_cable_name =~ "Xilinx TUL 1234-tulA"} -index 0
dow /home/tom/workspace/first_zynq_design/first_zynq_design.sdk/LED_test/Debug/LED_test.elf
----------------End of Script----------------

21:58:42 INFO  : 'targets -set -filter {jtag_cable_name =~ "Xilinx TUL 1234-tulA" && level==0} -index 1' command is executed.
21:58:42 INFO  : 'fpga -state' command is executed.
21:58:45 INFO  : Connected to target on host '127.0.0.1' and port '3121'.
21:58:45 INFO  : Jtag cable 'Xilinx TUL 1234-tulA' is selected.
21:58:45 INFO  : 'jtag frequency' command is executed.
21:58:45 INFO  : Sourcing of '/home/tom/workspace/first_zynq_design/first_zynq_design.sdk/first_zynq_syste_wrapper_hw_platform_0/ps7_init.tcl' is done.
21:58:45 INFO  : Context for 'APU' is selected.
21:58:45 INFO  : Hardware design information is loaded from '/home/tom/workspace/first_zynq_design/first_zynq_design.sdk/first_zynq_syste_wrapper_hw_platform_0/system.hdf'.
21:58:45 INFO  : 'configparams force-mem-access 1' command is executed.
21:58:45 INFO  : Context for 'APU' is selected.
21:58:46 INFO  : 'stop' command is executed.
21:58:46 INFO  : 'ps7_init' command is executed.
21:58:46 INFO  : 'ps7_post_config' command is executed.
21:58:46 INFO  : Context for processor 'ps7_cortexa9_0' is selected.
21:58:46 INFO  : Processor reset is completed for 'ps7_cortexa9_0'.
21:58:46 INFO  : Context for processor 'ps7_cortexa9_0' is selected.
21:58:48 ERROR : Memory write error at 0x100000. APB AP transaction error, DAP status f0000021
21:58:48 INFO  : ----------------XSDB Script----------------
connect -url tcp:127.0.0.1:3121
source /home/tom/workspace/first_zynq_design/first_zynq_design.sdk/first_zynq_syste_wrapper_hw_platform_0/ps7_init.tcl
targets -set -nocase -filter {name =~"APU*" && jtag_cable_name =~ "Xilinx TUL 1234-tulA"} -index 0
loadhw -hw /home/tom/workspace/first_zynq_design/first_zynq_design.sdk/first_zynq_syste_wrapper_hw_platform_0/system.hdf -mem-ranges [list {0x40000000 0xbfffffff}]
configparams force-mem-access 1
targets -set -nocase -filter {name =~"APU*" && jtag_cable_name =~ "Xilinx TUL 1234-tulA"} -index 0
stop
ps7_init
ps7_post_config
targets -set -nocase -filter {name =~ "ARM*#0" && jtag_cable_name =~ "Xilinx TUL 1234-tulA"} -index 0
rst -processor
targets -set -nocase -filter {name =~ "ARM*#0" && jtag_cable_name =~ "Xilinx TUL 1234-tulA"} -index 0
dow /home/tom/workspace/first_zynq_design/first_zynq_design.sdk/LED_test/Debug/LED_test.elf
----------------End of Script----------------

